Analysis & Synthesis report for TP_Final_DSP_FPGA
Sun Aug 07 18:24:49 2022
Quartus Prime Version 20.1.1 Build 720 11/11/2020 SJ Lite Edition


---------------------
; Table of Contents ;
---------------------
  1. Legal Notice
  2. Analysis & Synthesis Summary
  3. Analysis & Synthesis Settings
  4. Parallel Compilation
  5. Analysis & Synthesis Source Files Read
  6. Analysis & Synthesis Resource Usage Summary
  7. Analysis & Synthesis Resource Utilization by Entity
  8. Analysis & Synthesis RAM Summary
  9. Analysis & Synthesis IP Cores Summary
 10. General Register Statistics
 11. Source assignments for ADC_FIFO:inst|scfifo:scfifo_component|scfifo_hl21:auto_generated|a_dpfifo_or21:dpfifo|altsyncram_ktm1:FIFOram
 12. Parameter Settings for User Entity Instance: ADC_FIFO:inst|scfifo:scfifo_component
 13. scfifo Parameter Settings by Entity Instance
 14. Post-Synthesis Netlist Statistics for Top Partition
 15. Elapsed Time Per Partition
 16. Analysis & Synthesis Messages



----------------
; Legal Notice ;
----------------
Copyright (C) 2020  Intel Corporation. All rights reserved.
Your use of Intel Corporation's design tools, logic functions 
and other software and tools, and any partner logic 
functions, and any output files from any of the foregoing 
(including device programming or simulation files), and any 
associated documentation or information are expressly subject 
to the terms and conditions of the Intel Program License 
Subscription Agreement, the Intel Quartus Prime License Agreement,
the Intel FPGA IP License Agreement, or other applicable license
agreement, including, without limitation, that your use is for
the sole purpose of programming logic devices manufactured by
Intel and sold by Intel or its authorized distributors.  Please
refer to the applicable agreement for further details, at
https://fpgasoftware.intel.com/eula.



+----------------------------------------------------------------------------------+
; Analysis & Synthesis Summary                                                     ;
+------------------------------------+---------------------------------------------+
; Analysis & Synthesis Status        ; Successful - Sun Aug 07 18:24:49 2022       ;
; Quartus Prime Version              ; 20.1.1 Build 720 11/11/2020 SJ Lite Edition ;
; Revision Name                      ; TP_Final_DSP_FPGA                           ;
; Top-level Entity Name              ; TP_Final_DSP_FPGA                           ;
; Family                             ; Cyclone IV E                                ;
; Total logic elements               ; 49                                          ;
;     Total combinational functions  ; 49                                          ;
;     Dedicated logic registers      ; 38                                          ;
; Total registers                    ; 38                                          ;
; Total pins                         ; 28                                          ;
; Total virtual pins                 ; 0                                           ;
; Total memory bits                  ; 49,152                                      ;
; Embedded Multiplier 9-bit elements ; 0                                           ;
; Total PLLs                         ; 0                                           ;
+------------------------------------+---------------------------------------------+


+------------------------------------------------------------------------------------------------------------+
; Analysis & Synthesis Settings                                                                              ;
+------------------------------------------------------------------+--------------------+--------------------+
; Option                                                           ; Setting            ; Default Value      ;
+------------------------------------------------------------------+--------------------+--------------------+
; Device                                                           ; EP4CE22F17C6       ;                    ;
; Top-level entity name                                            ; TP_Final_DSP_FPGA  ; TP_Final_DSP_FPGA  ;
; Family name                                                      ; Cyclone IV E       ; Cyclone V          ;
; Use smart compilation                                            ; Off                ; Off                ;
; Enable parallel Assembler and Timing Analyzer during compilation ; On                 ; On                 ;
; Enable compact report table                                      ; Off                ; Off                ;
; Restructure Multiplexers                                         ; Auto               ; Auto               ;
; Create Debugging Nodes for IP Cores                              ; Off                ; Off                ;
; Preserve fewer node names                                        ; On                 ; On                 ;
; Intel FPGA IP Evaluation Mode                                    ; Enable             ; Enable             ;
; Verilog Version                                                  ; Verilog_2001       ; Verilog_2001       ;
; VHDL Version                                                     ; VHDL_1993          ; VHDL_1993          ;
; State Machine Processing                                         ; Auto               ; Auto               ;
; Safe State Machine                                               ; Off                ; Off                ;
; Extract Verilog State Machines                                   ; On                 ; On                 ;
; Extract VHDL State Machines                                      ; On                 ; On                 ;
; Ignore Verilog initial constructs                                ; Off                ; Off                ;
; Iteration limit for constant Verilog loops                       ; 5000               ; 5000               ;
; Iteration limit for non-constant Verilog loops                   ; 250                ; 250                ;
; Add Pass-Through Logic to Inferred RAMs                          ; On                 ; On                 ;
; Infer RAMs from Raw Logic                                        ; On                 ; On                 ;
; Parallel Synthesis                                               ; On                 ; On                 ;
; DSP Block Balancing                                              ; Auto               ; Auto               ;
; NOT Gate Push-Back                                               ; On                 ; On                 ;
; Power-Up Don't Care                                              ; On                 ; On                 ;
; Remove Redundant Logic Cells                                     ; Off                ; Off                ;
; Remove Duplicate Registers                                       ; On                 ; On                 ;
; Ignore CARRY Buffers                                             ; Off                ; Off                ;
; Ignore CASCADE Buffers                                           ; Off                ; Off                ;
; Ignore GLOBAL Buffers                                            ; Off                ; Off                ;
; Ignore ROW GLOBAL Buffers                                        ; Off                ; Off                ;
; Ignore LCELL Buffers                                             ; Off                ; Off                ;
; Ignore SOFT Buffers                                              ; On                 ; On                 ;
; Limit AHDL Integers to 32 Bits                                   ; Off                ; Off                ;
; Optimization Technique                                           ; Balanced           ; Balanced           ;
; Carry Chain Length                                               ; 70                 ; 70                 ;
; Auto Carry Chains                                                ; On                 ; On                 ;
; Auto Open-Drain Pins                                             ; On                 ; On                 ;
; Perform WYSIWYG Primitive Resynthesis                            ; Off                ; Off                ;
; Auto ROM Replacement                                             ; On                 ; On                 ;
; Auto RAM Replacement                                             ; On                 ; On                 ;
; Auto DSP Block Replacement                                       ; On                 ; On                 ;
; Auto Shift Register Replacement                                  ; Auto               ; Auto               ;
; Allow Shift Register Merging across Hierarchies                  ; Auto               ; Auto               ;
; Auto Clock Enable Replacement                                    ; On                 ; On                 ;
; Strict RAM Replacement                                           ; Off                ; Off                ;
; Allow Synchronous Control Signals                                ; On                 ; On                 ;
; Force Use of Synchronous Clear Signals                           ; Off                ; Off                ;
; Auto RAM Block Balancing                                         ; On                 ; On                 ;
; Auto RAM to Logic Cell Conversion                                ; Off                ; Off                ;
; Auto Resource Sharing                                            ; Off                ; Off                ;
; Allow Any RAM Size For Recognition                               ; Off                ; Off                ;
; Allow Any ROM Size For Recognition                               ; Off                ; Off                ;
; Allow Any Shift Register Size For Recognition                    ; Off                ; Off                ;
; Use LogicLock Constraints during Resource Balancing              ; On                 ; On                 ;
; Ignore translate_off and synthesis_off directives                ; Off                ; Off                ;
; Timing-Driven Synthesis                                          ; On                 ; On                 ;
; Report Parameter Settings                                        ; On                 ; On                 ;
; Report Source Assignments                                        ; On                 ; On                 ;
; Report Connectivity Checks                                       ; On                 ; On                 ;
; Ignore Maximum Fan-Out Assignments                               ; Off                ; Off                ;
; Synchronization Register Chain Length                            ; 2                  ; 2                  ;
; Power Optimization During Synthesis                              ; Normal compilation ; Normal compilation ;
; HDL message level                                                ; Level2             ; Level2             ;
; Suppress Register Optimization Related Messages                  ; Off                ; Off                ;
; Number of Removed Registers Reported in Synthesis Report         ; 5000               ; 5000               ;
; Number of Swept Nodes Reported in Synthesis Report               ; 5000               ; 5000               ;
; Number of Inverted Registers Reported in Synthesis Report        ; 100                ; 100                ;
; Clock MUX Protection                                             ; On                 ; On                 ;
; Auto Gated Clock Conversion                                      ; Off                ; Off                ;
; Block Design Naming                                              ; Auto               ; Auto               ;
; SDC constraint protection                                        ; Off                ; Off                ;
; Synthesis Effort                                                 ; Auto               ; Auto               ;
; Shift Register Replacement - Allow Asynchronous Clear Signal     ; On                 ; On                 ;
; Pre-Mapping Resynthesis Optimization                             ; Off                ; Off                ;
; Analysis & Synthesis Message Level                               ; Medium             ; Medium             ;
; Disable Register Merging Across Hierarchies                      ; Auto               ; Auto               ;
; Resource Aware Inference For Block RAM                           ; On                 ; On                 ;
+------------------------------------------------------------------+--------------------+--------------------+


+------------------------------------------+
; Parallel Compilation                     ;
+----------------------------+-------------+
; Processors                 ; Number      ;
+----------------------------+-------------+
; Number detected on machine ; 12          ;
; Maximum allowed            ; 6           ;
;                            ;             ;
; Average used               ; 1.00        ;
; Maximum used               ; 6           ;
;                            ;             ;
; Usage by Processor         ; % Time Used ;
;     Processor 1            ; 100.0%      ;
;     Processors 2-6         ;   0.0%      ;
+----------------------------+-------------+


+--------------------------------------------------------------------------------------------------------------------------------------------------------------------------------------------+
; Analysis & Synthesis Source Files Read                                                                                                                                                     ;
+----------------------------------+-----------------+------------------------------------------+----------------------------------------------------------------------------------+---------+
; File Name with User-Entered Path ; Used in Netlist ; File Type                                ; File Name with Absolute Path                                                     ; Library ;
+----------------------------------+-----------------+------------------------------------------+----------------------------------------------------------------------------------+---------+
; ADC_FIFO.vhd                     ; yes             ; User Wizard-Generated File               ; C:/Users/mrspa/Documents/Repos/ME/Proyecto-Final-FPGA-DSP/ADC_FIFO.vhd           ;         ;
; tp_final_dsp_fpga.bdf            ; yes             ; Auto-Found Block Diagram/Schematic File  ; C:/Users/mrspa/Documents/Repos/ME/Proyecto-Final-FPGA-DSP/tp_final_dsp_fpga.bdf  ;         ;
; scfifo.tdf                       ; yes             ; Megafunction                             ; c:/intelfpga_lite/20.1/quartus/libraries/megafunctions/scfifo.tdf                ;         ;
; a_regfifo.inc                    ; yes             ; Megafunction                             ; c:/intelfpga_lite/20.1/quartus/libraries/megafunctions/a_regfifo.inc             ;         ;
; a_dpfifo.inc                     ; yes             ; Megafunction                             ; c:/intelfpga_lite/20.1/quartus/libraries/megafunctions/a_dpfifo.inc              ;         ;
; a_i2fifo.inc                     ; yes             ; Megafunction                             ; c:/intelfpga_lite/20.1/quartus/libraries/megafunctions/a_i2fifo.inc              ;         ;
; a_fffifo.inc                     ; yes             ; Megafunction                             ; c:/intelfpga_lite/20.1/quartus/libraries/megafunctions/a_fffifo.inc              ;         ;
; a_f2fifo.inc                     ; yes             ; Megafunction                             ; c:/intelfpga_lite/20.1/quartus/libraries/megafunctions/a_f2fifo.inc              ;         ;
; aglobal201.inc                   ; yes             ; Megafunction                             ; c:/intelfpga_lite/20.1/quartus/libraries/megafunctions/aglobal201.inc            ;         ;
; db/scfifo_hl21.tdf               ; yes             ; Auto-Generated Megafunction              ; C:/Users/mrspa/Documents/Repos/ME/Proyecto-Final-FPGA-DSP/db/scfifo_hl21.tdf     ;         ;
; db/a_dpfifo_or21.tdf             ; yes             ; Auto-Generated Megafunction              ; C:/Users/mrspa/Documents/Repos/ME/Proyecto-Final-FPGA-DSP/db/a_dpfifo_or21.tdf   ;         ;
; db/a_fefifo_2be.tdf              ; yes             ; Auto-Generated Megafunction              ; C:/Users/mrspa/Documents/Repos/ME/Proyecto-Final-FPGA-DSP/db/a_fefifo_2be.tdf    ;         ;
; db/cntr_qp7.tdf                  ; yes             ; Auto-Generated Megafunction              ; C:/Users/mrspa/Documents/Repos/ME/Proyecto-Final-FPGA-DSP/db/cntr_qp7.tdf        ;         ;
; db/altsyncram_ktm1.tdf           ; yes             ; Auto-Generated Megafunction              ; C:/Users/mrspa/Documents/Repos/ME/Proyecto-Final-FPGA-DSP/db/altsyncram_ktm1.tdf ;         ;
; db/cntr_epb.tdf                  ; yes             ; Auto-Generated Megafunction              ; C:/Users/mrspa/Documents/Repos/ME/Proyecto-Final-FPGA-DSP/db/cntr_epb.tdf        ;         ;
+----------------------------------+-----------------+------------------------------------------+----------------------------------------------------------------------------------+---------+


+-----------------------------------------------------------+
; Analysis & Synthesis Resource Usage Summary               ;
+---------------------------------------------+-------------+
; Resource                                    ; Usage       ;
+---------------------------------------------+-------------+
; Estimated Total logic elements              ; 49          ;
;                                             ;             ;
; Total combinational functions               ; 49          ;
; Logic element usage by number of LUT inputs ;             ;
;     -- 4 input functions                    ; 11          ;
;     -- 3 input functions                    ; 11          ;
;     -- <=2 input functions                  ; 27          ;
;                                             ;             ;
; Logic elements by mode                      ;             ;
;     -- normal mode                          ; 16          ;
;     -- arithmetic mode                      ; 33          ;
;                                             ;             ;
; Total registers                             ; 38          ;
;     -- Dedicated logic registers            ; 38          ;
;     -- I/O registers                        ; 0           ;
;                                             ;             ;
; I/O pins                                    ; 28          ;
; Total memory bits                           ; 49152       ;
;                                             ;             ;
; Embedded Multiplier 9-bit elements          ; 0           ;
;                                             ;             ;
; Maximum fan-out node                        ; clock~input ;
; Maximum fan-out                             ; 50          ;
; Total fan-out                               ; 654         ;
; Average fan-out                             ; 4.22        ;
+---------------------------------------------+-------------+


+----------------------------------------------------------------------------------------------------------------------------------------------------------------------------------------------------------------------------------------------------------------------------------------------------------------------------------------------------------------+
; Analysis & Synthesis Resource Utilization by Entity                                                                                                                                                                                                                                                                                                            ;
+------------------------------------------+---------------------+---------------------------+-------------+--------------+---------+-----------+------+--------------+-------------------------------------------------------------------------------------------------------------------------------------------------------+-------------------+--------------+
; Compilation Hierarchy Node               ; Combinational ALUTs ; Dedicated Logic Registers ; Memory Bits ; DSP Elements ; DSP 9x9 ; DSP 18x18 ; Pins ; Virtual Pins ; Full Hierarchy Name                                                                                                                                   ; Entity Name       ; Library Name ;
+------------------------------------------+---------------------+---------------------------+-------------+--------------+---------+-----------+------+--------------+-------------------------------------------------------------------------------------------------------------------------------------------------------+-------------------+--------------+
; |TP_Final_DSP_FPGA                       ; 49 (0)              ; 38 (0)                    ; 49152       ; 0            ; 0       ; 0         ; 28   ; 0            ; |TP_Final_DSP_FPGA                                                                                                                                    ; TP_Final_DSP_FPGA ; work         ;
;    |ADC_FIFO:inst|                       ; 49 (0)              ; 38 (0)                    ; 49152       ; 0            ; 0       ; 0         ; 0    ; 0            ; |TP_Final_DSP_FPGA|ADC_FIFO:inst                                                                                                                      ; ADC_FIFO          ; work         ;
;       |scfifo:scfifo_component|          ; 49 (0)              ; 38 (0)                    ; 49152       ; 0            ; 0       ; 0         ; 0    ; 0            ; |TP_Final_DSP_FPGA|ADC_FIFO:inst|scfifo:scfifo_component                                                                                              ; scfifo            ; work         ;
;          |scfifo_hl21:auto_generated|    ; 49 (0)              ; 38 (0)                    ; 49152       ; 0            ; 0       ; 0         ; 0    ; 0            ; |TP_Final_DSP_FPGA|ADC_FIFO:inst|scfifo:scfifo_component|scfifo_hl21:auto_generated                                                                   ; scfifo_hl21       ; work         ;
;             |a_dpfifo_or21:dpfifo|       ; 49 (2)              ; 38 (0)                    ; 49152       ; 0            ; 0       ; 0         ; 0    ; 0            ; |TP_Final_DSP_FPGA|ADC_FIFO:inst|scfifo:scfifo_component|scfifo_hl21:auto_generated|a_dpfifo_or21:dpfifo                                              ; a_dpfifo_or21     ; work         ;
;                |a_fefifo_2be:fifo_state| ; 23 (11)             ; 14 (2)                    ; 0           ; 0            ; 0       ; 0         ; 0    ; 0            ; |TP_Final_DSP_FPGA|ADC_FIFO:inst|scfifo:scfifo_component|scfifo_hl21:auto_generated|a_dpfifo_or21:dpfifo|a_fefifo_2be:fifo_state                      ; a_fefifo_2be      ; work         ;
;                   |cntr_qp7:count_usedw| ; 12 (12)             ; 12 (12)                   ; 0           ; 0            ; 0       ; 0         ; 0    ; 0            ; |TP_Final_DSP_FPGA|ADC_FIFO:inst|scfifo:scfifo_component|scfifo_hl21:auto_generated|a_dpfifo_or21:dpfifo|a_fefifo_2be:fifo_state|cntr_qp7:count_usedw ; cntr_qp7          ; work         ;
;                |altsyncram_ktm1:FIFOram| ; 0 (0)               ; 0 (0)                     ; 49152       ; 0            ; 0       ; 0         ; 0    ; 0            ; |TP_Final_DSP_FPGA|ADC_FIFO:inst|scfifo:scfifo_component|scfifo_hl21:auto_generated|a_dpfifo_or21:dpfifo|altsyncram_ktm1:FIFOram                      ; altsyncram_ktm1   ; work         ;
;                |cntr_epb:rd_ptr_count|   ; 12 (12)             ; 12 (12)                   ; 0           ; 0            ; 0       ; 0         ; 0    ; 0            ; |TP_Final_DSP_FPGA|ADC_FIFO:inst|scfifo:scfifo_component|scfifo_hl21:auto_generated|a_dpfifo_or21:dpfifo|cntr_epb:rd_ptr_count                        ; cntr_epb          ; work         ;
;                |cntr_epb:wr_ptr|         ; 12 (12)             ; 12 (12)                   ; 0           ; 0            ; 0       ; 0         ; 0    ; 0            ; |TP_Final_DSP_FPGA|ADC_FIFO:inst|scfifo:scfifo_component|scfifo_hl21:auto_generated|a_dpfifo_or21:dpfifo|cntr_epb:wr_ptr                              ; cntr_epb          ; work         ;
+------------------------------------------+---------------------+---------------------------+-------------+--------------+---------+-----------+------+--------------+-------------------------------------------------------------------------------------------------------------------------------------------------------+-------------------+--------------+
Note: For table entries with two numbers listed, the numbers in parentheses indicate the number of resources of the given type used by the specific entity alone. The numbers listed outside of parentheses indicate the total resources of the given type used by the specific entity and all of its sub-entities in the hierarchy.


+-------------------------------------------------------------------------------------------------------------------------------------------------------------------------------------------------------------------------------+
; Analysis & Synthesis RAM Summary                                                                                                                                                                                              ;
+--------------------------------------------------------------------------------------------------------------------------+------+------------------+--------------+--------------+--------------+--------------+-------+------+
; Name                                                                                                                     ; Type ; Mode             ; Port A Depth ; Port A Width ; Port B Depth ; Port B Width ; Size  ; MIF  ;
+--------------------------------------------------------------------------------------------------------------------------+------+------------------+--------------+--------------+--------------+--------------+-------+------+
; ADC_FIFO:inst|scfifo:scfifo_component|scfifo_hl21:auto_generated|a_dpfifo_or21:dpfifo|altsyncram_ktm1:FIFOram|ALTSYNCRAM ; AUTO ; Simple Dual Port ; 4096         ; 12           ; 4096         ; 12           ; 49152 ; None ;
+--------------------------------------------------------------------------------------------------------------------------+------+------------------+--------------+--------------+--------------+--------------+-------+------+


+--------------------------------------------------------------------------------------------------------------------+
; Analysis & Synthesis IP Cores Summary                                                                              ;
+--------+--------------+---------+--------------+--------------+----------------------------------+-----------------+
; Vendor ; IP Core Name ; Version ; Release Date ; License Type ; Entity Instance                  ; IP Include File ;
+--------+--------------+---------+--------------+--------------+----------------------------------+-----------------+
; Altera ; FIFO         ; 20.1    ; N/A          ; N/A          ; |TP_Final_DSP_FPGA|ADC_FIFO:inst ; ADC_FIFO.vhd    ;
+--------+--------------+---------+--------------+--------------+----------------------------------+-----------------+


+------------------------------------------------------+
; General Register Statistics                          ;
+----------------------------------------------+-------+
; Statistic                                    ; Value ;
+----------------------------------------------+-------+
; Total registers                              ; 38    ;
; Number of registers using Synchronous Clear  ; 0     ;
; Number of registers using Synchronous Load   ; 0     ;
; Number of registers using Asynchronous Clear ; 38    ;
; Number of registers using Asynchronous Load  ; 0     ;
; Number of registers using Clock Enable       ; 36    ;
; Number of registers using Preset             ; 0     ;
+----------------------------------------------+-------+


+--------------------------------------------------------------------------------------------------------------------------------------+
; Source assignments for ADC_FIFO:inst|scfifo:scfifo_component|scfifo_hl21:auto_generated|a_dpfifo_or21:dpfifo|altsyncram_ktm1:FIFOram ;
+---------------------------------+--------------------+------+------------------------------------------------------------------------+
; Assignment                      ; Value              ; From ; To                                                                     ;
+---------------------------------+--------------------+------+------------------------------------------------------------------------+
; OPTIMIZE_POWER_DURING_SYNTHESIS ; NORMAL_COMPILATION ; -    ; -                                                                      ;
+---------------------------------+--------------------+------+------------------------------------------------------------------------+


+------------------------------------------------------------------------------------+
; Parameter Settings for User Entity Instance: ADC_FIFO:inst|scfifo:scfifo_component ;
+-------------------------+--------------+-------------------------------------------+
; Parameter Name          ; Value        ; Type                                      ;
+-------------------------+--------------+-------------------------------------------+
; AUTO_CARRY_CHAINS       ; ON           ; AUTO_CARRY                                ;
; IGNORE_CARRY_BUFFERS    ; OFF          ; IGNORE_CARRY                              ;
; AUTO_CASCADE_CHAINS     ; ON           ; AUTO_CASCADE                              ;
; IGNORE_CASCADE_BUFFERS  ; OFF          ; IGNORE_CASCADE                            ;
; lpm_width               ; 12           ; Signed Integer                            ;
; LPM_NUMWORDS            ; 4096         ; Signed Integer                            ;
; LPM_WIDTHU              ; 12           ; Signed Integer                            ;
; LPM_SHOWAHEAD           ; OFF          ; Untyped                                   ;
; UNDERFLOW_CHECKING      ; ON           ; Untyped                                   ;
; OVERFLOW_CHECKING       ; ON           ; Untyped                                   ;
; ALLOW_RWCYCLE_WHEN_FULL ; OFF          ; Untyped                                   ;
; ADD_RAM_OUTPUT_REGISTER ; OFF          ; Untyped                                   ;
; ALMOST_FULL_VALUE       ; 0            ; Untyped                                   ;
; ALMOST_EMPTY_VALUE      ; 0            ; Untyped                                   ;
; ENABLE_ECC              ; FALSE        ; Untyped                                   ;
; USE_EAB                 ; ON           ; Untyped                                   ;
; MAXIMIZE_SPEED          ; 5            ; Untyped                                   ;
; DEVICE_FAMILY           ; Cyclone IV E ; Untyped                                   ;
; OPTIMIZE_FOR_SPEED      ; 5            ; Untyped                                   ;
; CBXI_PARAMETER          ; scfifo_hl21  ; Untyped                                   ;
+-------------------------+--------------+-------------------------------------------+
Note: In order to hide this table in the UI and the text report file, please set the "Show Parameter Settings in Synthesis Report" option in "Analysis and Synthesis Settings -> More Settings" to "Off".


+--------------------------------------------------------------------+
; scfifo Parameter Settings by Entity Instance                       ;
+----------------------------+---------------------------------------+
; Name                       ; Value                                 ;
+----------------------------+---------------------------------------+
; Number of entity instances ; 1                                     ;
; Entity Instance            ; ADC_FIFO:inst|scfifo:scfifo_component ;
;     -- FIFO Type           ; Single Clock                          ;
;     -- lpm_width           ; 12                                    ;
;     -- LPM_NUMWORDS        ; 4096                                  ;
;     -- LPM_SHOWAHEAD       ; OFF                                   ;
;     -- USE_EAB             ; ON                                    ;
+----------------------------+---------------------------------------+


+-----------------------------------------------------+
; Post-Synthesis Netlist Statistics for Top Partition ;
+-----------------------+-----------------------------+
; Type                  ; Count                       ;
+-----------------------+-----------------------------+
; boundary_port         ; 28                          ;
; cycloneiii_ff         ; 38                          ;
;     CLR               ; 2                           ;
;     ENA CLR           ; 36                          ;
; cycloneiii_lcell_comb ; 49                          ;
;     arith             ; 33                          ;
;         2 data inputs ; 22                          ;
;         3 data inputs ; 11                          ;
;     normal            ; 16                          ;
;         1 data inputs ; 3                           ;
;         2 data inputs ; 2                           ;
;         4 data inputs ; 11                          ;
; cycloneiii_ram_block  ; 12                          ;
;                       ;                             ;
; Max LUT depth         ; 3.10                        ;
; Average LUT depth     ; 1.80                        ;
+-----------------------+-----------------------------+


+-------------------------------+
; Elapsed Time Per Partition    ;
+----------------+--------------+
; Partition Name ; Elapsed Time ;
+----------------+--------------+
; Top            ; 00:00:00     ;
+----------------+--------------+


+-------------------------------+
; Analysis & Synthesis Messages ;
+-------------------------------+
Info: *******************************************************************
Info: Running Quartus Prime Analysis & Synthesis
    Info: Version 20.1.1 Build 720 11/11/2020 SJ Lite Edition
    Info: Processing started: Sun Aug 07 18:24:41 2022
Info: Command: quartus_map --read_settings_files=on --write_settings_files=off TP_Final_DSP_FPGA -c TP_Final_DSP_FPGA
Warning (18236): Number of processors has not been specified which may cause overloading on shared machines.  Set the global assignment NUM_PARALLEL_PROCESSORS in your QSF to an appropriate value for best performance.
Info (20030): Parallel compilation is enabled and will use 6 of the 6 processors detected
Warning (12019): Can't analyze file -- file main.bdf is missing
Info (12021): Found 2 design units, including 1 entities, in source file adc_fifo.vhd
    Info (12022): Found design unit 1: adc_fifo-SYN File: C:/Users/mrspa/Documents/Repos/ME/Proyecto-Final-FPGA-DSP/ADC_FIFO.vhd Line: 56
    Info (12023): Found entity 1: ADC_FIFO File: C:/Users/mrspa/Documents/Repos/ME/Proyecto-Final-FPGA-DSP/ADC_FIFO.vhd Line: 43
Warning (12125): Using design file tp_final_dsp_fpga.bdf, which is not specified as a design file for the current project, but contains definitions for 1 design units and 1 entities in project
    Info (12023): Found entity 1: TP_Final_DSP_FPGA
Info (12127): Elaborating entity "TP_Final_DSP_FPGA" for the top level hierarchy
Info (12128): Elaborating entity "ADC_FIFO" for hierarchy "ADC_FIFO:inst"
Info (12128): Elaborating entity "scfifo" for hierarchy "ADC_FIFO:inst|scfifo:scfifo_component" File: C:/Users/mrspa/Documents/Repos/ME/Proyecto-Final-FPGA-DSP/ADC_FIFO.vhd Line: 88
Info (12130): Elaborated megafunction instantiation "ADC_FIFO:inst|scfifo:scfifo_component" File: C:/Users/mrspa/Documents/Repos/ME/Proyecto-Final-FPGA-DSP/ADC_FIFO.vhd Line: 88
Info (12133): Instantiated megafunction "ADC_FIFO:inst|scfifo:scfifo_component" with the following parameter: File: C:/Users/mrspa/Documents/Repos/ME/Proyecto-Final-FPGA-DSP/ADC_FIFO.vhd Line: 88
    Info (12134): Parameter "add_ram_output_register" = "OFF"
    Info (12134): Parameter "intended_device_family" = "Cyclone IV E"
    Info (12134): Parameter "lpm_numwords" = "4096"
    Info (12134): Parameter "lpm_showahead" = "OFF"
    Info (12134): Parameter "lpm_type" = "scfifo"
    Info (12134): Parameter "lpm_width" = "12"
    Info (12134): Parameter "lpm_widthu" = "12"
    Info (12134): Parameter "overflow_checking" = "ON"
    Info (12134): Parameter "underflow_checking" = "ON"
    Info (12134): Parameter "use_eab" = "ON"
Info (12021): Found 1 design units, including 1 entities, in source file db/scfifo_hl21.tdf
    Info (12023): Found entity 1: scfifo_hl21 File: C:/Users/mrspa/Documents/Repos/ME/Proyecto-Final-FPGA-DSP/db/scfifo_hl21.tdf Line: 25
Info (12128): Elaborating entity "scfifo_hl21" for hierarchy "ADC_FIFO:inst|scfifo:scfifo_component|scfifo_hl21:auto_generated" File: c:/intelfpga_lite/20.1/quartus/libraries/megafunctions/scfifo.tdf Line: 300
Info (12021): Found 1 design units, including 1 entities, in source file db/a_dpfifo_or21.tdf
    Info (12023): Found entity 1: a_dpfifo_or21 File: C:/Users/mrspa/Documents/Repos/ME/Proyecto-Final-FPGA-DSP/db/a_dpfifo_or21.tdf Line: 29
Info (12128): Elaborating entity "a_dpfifo_or21" for hierarchy "ADC_FIFO:inst|scfifo:scfifo_component|scfifo_hl21:auto_generated|a_dpfifo_or21:dpfifo" File: C:/Users/mrspa/Documents/Repos/ME/Proyecto-Final-FPGA-DSP/db/scfifo_hl21.tdf Line: 35
Info (12021): Found 1 design units, including 1 entities, in source file db/a_fefifo_2be.tdf
    Info (12023): Found entity 1: a_fefifo_2be File: C:/Users/mrspa/Documents/Repos/ME/Proyecto-Final-FPGA-DSP/db/a_fefifo_2be.tdf Line: 25
Info (12128): Elaborating entity "a_fefifo_2be" for hierarchy "ADC_FIFO:inst|scfifo:scfifo_component|scfifo_hl21:auto_generated|a_dpfifo_or21:dpfifo|a_fefifo_2be:fifo_state" File: C:/Users/mrspa/Documents/Repos/ME/Proyecto-Final-FPGA-DSP/db/a_dpfifo_or21.tdf Line: 40
Info (12021): Found 1 design units, including 1 entities, in source file db/cntr_qp7.tdf
    Info (12023): Found entity 1: cntr_qp7 File: C:/Users/mrspa/Documents/Repos/ME/Proyecto-Final-FPGA-DSP/db/cntr_qp7.tdf Line: 26
Info (12128): Elaborating entity "cntr_qp7" for hierarchy "ADC_FIFO:inst|scfifo:scfifo_component|scfifo_hl21:auto_generated|a_dpfifo_or21:dpfifo|a_fefifo_2be:fifo_state|cntr_qp7:count_usedw" File: C:/Users/mrspa/Documents/Repos/ME/Proyecto-Final-FPGA-DSP/db/a_fefifo_2be.tdf Line: 38
Info (12021): Found 1 design units, including 1 entities, in source file db/altsyncram_ktm1.tdf
    Info (12023): Found entity 1: altsyncram_ktm1 File: C:/Users/mrspa/Documents/Repos/ME/Proyecto-Final-FPGA-DSP/db/altsyncram_ktm1.tdf Line: 28
Info (12128): Elaborating entity "altsyncram_ktm1" for hierarchy "ADC_FIFO:inst|scfifo:scfifo_component|scfifo_hl21:auto_generated|a_dpfifo_or21:dpfifo|altsyncram_ktm1:FIFOram" File: C:/Users/mrspa/Documents/Repos/ME/Proyecto-Final-FPGA-DSP/db/a_dpfifo_or21.tdf Line: 41
Info (12021): Found 1 design units, including 1 entities, in source file db/cntr_epb.tdf
    Info (12023): Found entity 1: cntr_epb File: C:/Users/mrspa/Documents/Repos/ME/Proyecto-Final-FPGA-DSP/db/cntr_epb.tdf Line: 26
Info (12128): Elaborating entity "cntr_epb" for hierarchy "ADC_FIFO:inst|scfifo:scfifo_component|scfifo_hl21:auto_generated|a_dpfifo_or21:dpfifo|cntr_epb:rd_ptr_count" File: C:/Users/mrspa/Documents/Repos/ME/Proyecto-Final-FPGA-DSP/db/a_dpfifo_or21.tdf Line: 42
Info (286030): Timing-Driven Synthesis is running
Info (16010): Generating hard_block partition "hard_block:auto_generated_inst"
    Info (16011): Adding 0 node(s), including 0 DDIO, 0 PLL, 0 transceiver and 0 LCELL
Info (21057): Implemented 89 device resources after synthesis - the final resource count might be different
    Info (21058): Implemented 16 input pins
    Info (21059): Implemented 12 output pins
    Info (21061): Implemented 49 logic cells
    Info (21064): Implemented 12 RAM segments
Info: Quartus Prime Analysis & Synthesis was successful. 0 errors, 3 warnings
    Info: Peak virtual memory: 4817 megabytes
    Info: Processing ended: Sun Aug 07 18:24:49 2022
    Info: Elapsed time: 00:00:08
    Info: Total CPU time (on all processors): 00:00:17


